<?xml version="1.0" encoding="UTF-8"?>
<!-- Generated by org.testng.reporters.JUnitXMLReporter -->
<testsuite ignored="0" hostname="pbisht" failures="0" tests="3" name="Default test" time="68.915" errors="0" timestamp="2024-03-19T18:07:04 IST">
  <testcase classname="test.SpinAndWinTest" name="Verify_Player_is_able_to_trigger_5oak_win" time="37.158"/>
  <testcase classname="test.SpinAndWinTest" name="Verify_Player_is_able_to_Gamble" time="15.143"/>
  <testcase classname="test.SpinAndWinTest" name="Verify_Player_is_able_to_trigger_freegames" time="9.054"/>
</testsuite> <!-- Default test -->
